Arguments: 
  C:\Program Files\nodejs\node.exe C:\Users\Pc\AppData\Roaming\npm\node_modules\yarn\bin\yarn.js add -D nodemon

PATH: 
  C:\Users\Pc\bin;C:\Program Files\Git\mingw64\bin;C:\Program Files\Git\usr\local\bin;C:\Program Files\Git\usr\bin;C:\Program Files\Git\usr\bin;C:\Program Files\Git\mingw64\bin;C:\Program Files\Git\usr\bin;C:\Users\Pc\bin;C:\WinAVR-20100110\bin;C:\WinAVR-20100110\utils\bin;C:\Program Files\AdoptOpenJDK\jdk-11.0.8.10-hotspot\bin;C:\Windows\system32;C:\Windows;C:\Windows\System32\Wbem;C:\Windows\System32\WindowsPowerShell\v1.0;C:\Windows\System32\OpenSSH;C:\Program Files (x86)\NVIDIA Corporation\PhysX\Common;C:\Program Files\NVIDIA Corporation\NVIDIA NvDLISR;C:\WINDOWS\system32;C:\WINDOWS;C:\WINDOWS\System32\Wbem;C:\WINDOWS\System32\WindowsPowerShell\v1.0;C:\WINDOWS\System32\OpenSSH;C:\xampp\php;C:\composer;C:\Program Files\MATLAB\R2013b\runtime\win64;C:\Program Files\MATLAB\R2013b\bin;C:\Program Files\Git\cmd;C:\Program Files\Git\mingw64\bin;C:\Program Files\Git\usr\bin;C:\Program Files\nodejs;C:\Users\Pc\AppData\Local\Microsoft\WindowsApps;C:\Users\Pc\AppData\Local\Programs\Microsoft VS Code\bin;C:\Users\Pc\AppData\Roaming\Composer\vendor\bin;C:\Users\Pc\AppData\Local\GitHubDesktop\bin;C:\Users\Pc\AppData\Roaming\npm;C:\Program Files\Git\usr\bin\vendor_perl;C:\Program Files\Git\usr\bin\core_perl

Yarn version: 
  1.22.11

Node version: 
  14.17.5

Platform: 
  win32 x64

Trace: 
  Error: EPERM: operation not permitted, unlink 'C:\Users\Pc\Desktop\fend\projects\evaluate-news-nlp\node_modules\node-sass\vendor\win32-x64-83\binding.node'

npm manifest: 
  {
    "name": "evaluate-news-nlp",
    "version": "0.0.1",
    "main": "index.js",
    "scripts": {
      "test": "jest",
      "start": "nodemon src/server/index.js",
      "build-prod": "webpack --config webpack.prod.js",
      "build-dev": "rm -rf dist && webpack-dev-server  --config webpack.dev.js --open"
    },
    "keywords": [],
    "author": "PUT_YOUR_NAME_HERE",
    "description": "PUT_SMALL_DESCRIPTION_HERE",
    "dependencies": {
      "axios": "^0.21.1",
      "body-parser": "^1.19.0",
      "cors": "^2.8.5",
      "dotenv": "^8.2.0",
      "express": "^4.17.1",
      "node-fetch": "^3.0.0",
      "webpack": "^4.44.2",
      "webpack-cli": "^3.3.12"
    },
    "devDependencies": {
      "@babel/core": "^7.11.6",
      "@babel/preset-env": "^7.11.5",
      "@types/jest": "^26.0.20",
      "babel-loader": "^8.1.0",
      "babel-polyfill": "^6.26.0",
      "clean-webpack-plugin": "^3.0.0",
      "css-loader": "^4.3.0",
      "file-loader": "^6.1.1",
      "html-webpack-plugin": "^3.2.0",
      "jest": "^26.5.3",
      "mini-css-extract-plugin": "^0.9.0",
      "node-sass": "^4.14.1",
      "nodemon": "^2.0.7",
      "optimize-css-assets-webpack-plugin": "^5.0.4",
      "prettier": "^2.2.1",
      "sass-loader": "^10.0.3",
      "style-loader": "^2.0.0",
      "supertest": "6.1.3",
      "terser-webpack-plugin": "^1.4.5",
      "webpack-dev-server": "^3.11.0",
      "workbox-webpack-plugin": "^5.1.4"
    }
  }

yarn manifest: 
  No manifest

Lockfile: 
  No lockfile
